<?xml version="1.0" encoding="UTF-8" ?>
<testsuite failures="0" time="27.324" errors="0" skipped="0" tests="10" name="TestSuite">
  <properties>
    <property name="java.runtime.name" value="Java(TM) SE Runtime Environment"/>
    <property name="sun.boot.library.path" value="C:\tools\jdk1.6.0_23\jre\bin"/>
    <property name="java.vm.version" value="19.0-b09"/>
    <property name="java.vm.vendor" value="Sun Microsystems Inc."/>
    <property name="java.vendor.url" value="http://java.sun.com/"/>
    <property name="path.separator" value=";"/>
    <property name="java.vm.name" value="Java HotSpot(TM) Client VM"/>
    <property name="file.encoding.pkg" value="sun.io"/>
    <property name="user.country" value="BR"/>
    <property name="sun.java.launcher" value="SUN_STANDARD"/>
    <property name="sun.os.patch.level" value=""/>
    <property name="java.vm.specification.name" value="Java Virtual Machine Specification"/>
    <property name="user.dir" value="C:\work-gsx\srec\core"/>
    <property name="java.runtime.version" value="1.6.0_23-b05"/>
    <property name="java.awt.graphicsenv" value="sun.awt.Win32GraphicsEnvironment"/>
    <property name="basedir" value="C:\work-gsx\srec\core"/>
    <property name="java.endorsed.dirs" value="C:\tools\jdk1.6.0_23\jre\lib\endorsed"/>
    <property name="os.arch" value="x86"/>
    <property name="surefire.real.class.path" value="C:\Users\user\AppData\Local\Temp\surefirebooter3642240091146807192.jar"/>
    <property name="java.io.tmpdir" value="C:\Users\user\AppData\Local\Temp\"/>
    <property name="line.separator" value="
"/>
    <property name="java.vm.specification.vendor" value="Sun Microsystems Inc."/>
    <property name="user.variant" value=""/>
    <property name="os.name" value="Windows 7"/>
    <property name="sun.jnu.encoding" value="Cp1252"/>
    <property name="java.library.path" value="C:\tools\jdk1.6.0_23\jre\bin;.;C:\Windows\Sun\Java\bin;C:\Windows\system32;C:\Windows;c:\ora10g\product\10.2.0\db_1\bin;C:\orant\bin;C:\OraClient10g\bin;c:\centura2;i:\centura\v2k\prod;C:\WINDOWS\system32;C:\WINDOWS;C:\WINDOWS\System32\Wbem;C:\WINDOWS\System32\WindowsPowerShell\v1.0\;C:\PROGRA~1\Tcl\bin;C:\Program Files\TortoiseSVN\bin;C:\maven-1.0.2\bin;C:\maven-2.2.1\bin;%ANT_HOME%\bin;C:\tools\jdk1.6.0_23\bin;C:\ora10g\product\10.2.0\db_1\OPatch;C:\tools\android-sdk-windows\platform-tools;C:\Program Files\Git\cmd"/>
    <property name="surefire.test.class.path" value="C:\work-gsx\srec\core\target\test-classes;C:\work-gsx\srec\core\target\classes;C:\Users\user\.m2\repository\net\java\dev\jemmy\2.3\jemmy-2.3.jar;C:\Users\user\.m2\repository\commons-lang\commons-lang\2.4\commons-lang-2.4.jar;C:\Users\user\.m2\repository\log4j\log4j\1.2.15\log4j-1.2.15.jar;C:\Users\user\.m2\repository\com\intellij\forms_rt\9.0.1\forms_rt-9.0.1.jar;C:\Users\user\.m2\repository\org\testng\testng\5.11\testng-5.11-jdk15.jar;C:\Users\user\.m2\repository\org\antlr\antlr\3.2\antlr-3.2.jar;C:\Users\user\.m2\repository\org\antlr\antlr-runtime\3.2\antlr-runtime-3.2.jar;C:\Users\user\.m2\repository\org\antlr\stringtemplate\3.2.1\stringtemplate-3.2.1.jar;C:\Users\user\.m2\repository\antlr\antlr\2.7.6\antlr-2.7.6.jar;C:\Users\user\.m2\repository\org\antlr\gunit\3.2\gunit-3.2.jar;C:\Users\user\.m2\repository\junit\junit\4.5\junit-4.5.jar;C:\Users\user\.m2\repository\org\fife\rsyntaxtextarea\1.4.1\rsyntaxtextarea-1.4.1.jar;C:\Users\user\.m2\repository\commons-io\commons-io\1.4\commons-io-1.4.jar;C:\Users\user\.m2\repository\org\codehaus\groovy\groovy\1.5.7\groovy-1.5.7.jar;C:\Users\user\.m2\repository\asm\asm\2.2\asm-2.2.jar;C:\Users\user\.m2\repository\org\apache\ant\ant\1.7.0\ant-1.7.0.jar;C:\Users\user\.m2\repository\org\apache\ant\ant-launcher\1.7.0\ant-launcher-1.7.0.jar;C:\Users\user\.m2\repository\asm\asm-util\2.2\asm-util-2.2.jar;C:\Users\user\.m2\repository\asm\asm-analysis\2.2\asm-analysis-2.2.jar;C:\Users\user\.m2\repository\asm\asm-tree\2.2\asm-tree-2.2.jar;C:\Users\user\.m2\repository\jline\jline\0.9.94\jline-0.9.94.jar;C:\Users\user\.m2\repository\xom\xom\1.2.5\xom-1.2.5.jar;C:\Users\user\.m2\repository\xml-apis\xml-apis\1.3.03\xml-apis-1.3.03.jar;C:\Users\user\.m2\repository\xerces\xercesImpl\2.8.0\xercesImpl-2.8.0.jar;C:\Users\user\.m2\repository\xalan\xalan\2.7.0\xalan-2.7.0.jar;"/>
    <property name="java.specification.name" value="Java Platform API Specification"/>
    <property name="java.class.version" value="50.0"/>
    <property name="sun.management.compiler" value="HotSpot Client Compiler"/>
    <property name="os.version" value="6.1"/>
    <property name="user.home" value="C:\Users\user"/>
    <property name="user.timezone" value="America/Sao_Paulo"/>
    <property name="java.awt.printerjob" value="sun.awt.windows.WPrinterJob"/>
    <property name="java.specification.version" value="1.6"/>
    <property name="file.encoding" value="Cp1252"/>
    <property name="user.name" value="user"/>
    <property name="java.class.path" value="C:\work-gsx\srec\core\target\test-classes;C:\work-gsx\srec\core\target\classes;C:\Users\user\.m2\repository\net\java\dev\jemmy\2.3\jemmy-2.3.jar;C:\Users\user\.m2\repository\commons-lang\commons-lang\2.4\commons-lang-2.4.jar;C:\Users\user\.m2\repository\log4j\log4j\1.2.15\log4j-1.2.15.jar;C:\Users\user\.m2\repository\com\intellij\forms_rt\9.0.1\forms_rt-9.0.1.jar;C:\Users\user\.m2\repository\org\testng\testng\5.11\testng-5.11-jdk15.jar;C:\Users\user\.m2\repository\org\antlr\antlr\3.2\antlr-3.2.jar;C:\Users\user\.m2\repository\org\antlr\antlr-runtime\3.2\antlr-runtime-3.2.jar;C:\Users\user\.m2\repository\org\antlr\stringtemplate\3.2.1\stringtemplate-3.2.1.jar;C:\Users\user\.m2\repository\antlr\antlr\2.7.6\antlr-2.7.6.jar;C:\Users\user\.m2\repository\org\antlr\gunit\3.2\gunit-3.2.jar;C:\Users\user\.m2\repository\junit\junit\4.5\junit-4.5.jar;C:\Users\user\.m2\repository\org\fife\rsyntaxtextarea\1.4.1\rsyntaxtextarea-1.4.1.jar;C:\Users\user\.m2\repository\commons-io\commons-io\1.4\commons-io-1.4.jar;C:\Users\user\.m2\repository\org\codehaus\groovy\groovy\1.5.7\groovy-1.5.7.jar;C:\Users\user\.m2\repository\asm\asm\2.2\asm-2.2.jar;C:\Users\user\.m2\repository\org\apache\ant\ant\1.7.0\ant-1.7.0.jar;C:\Users\user\.m2\repository\org\apache\ant\ant-launcher\1.7.0\ant-launcher-1.7.0.jar;C:\Users\user\.m2\repository\asm\asm-util\2.2\asm-util-2.2.jar;C:\Users\user\.m2\repository\asm\asm-analysis\2.2\asm-analysis-2.2.jar;C:\Users\user\.m2\repository\asm\asm-tree\2.2\asm-tree-2.2.jar;C:\Users\user\.m2\repository\jline\jline\0.9.94\jline-0.9.94.jar;C:\Users\user\.m2\repository\xom\xom\1.2.5\xom-1.2.5.jar;C:\Users\user\.m2\repository\xml-apis\xml-apis\1.3.03\xml-apis-1.3.03.jar;C:\Users\user\.m2\repository\xerces\xercesImpl\2.8.0\xercesImpl-2.8.0.jar;C:\Users\user\.m2\repository\xalan\xalan\2.7.0\xalan-2.7.0.jar;"/>
    <property name="java.vm.specification.version" value="1.0"/>
    <property name="sun.arch.data.model" value="32"/>
    <property name="java.home" value="C:\tools\jdk1.6.0_23\jre"/>
    <property name="java.specification.vendor" value="Sun Microsystems Inc."/>
    <property name="user.language" value="pt"/>
    <property name="awt.toolkit" value="sun.awt.windows.WToolkit"/>
    <property name="java.vm.info" value="mixed mode, sharing"/>
    <property name="java.version" value="1.6.0_23"/>
    <property name="java.ext.dirs" value="C:\tools\jdk1.6.0_23\jre\lib\ext;C:\Windows\Sun\Java\lib\ext"/>
    <property name="sun.boot.class.path" value="C:\tools\jdk1.6.0_23\jre\lib\resources.jar;C:\tools\jdk1.6.0_23\jre\lib\rt.jar;C:\tools\jdk1.6.0_23\jre\lib\sunrsasign.jar;C:\tools\jdk1.6.0_23\jre\lib\jsse.jar;C:\tools\jdk1.6.0_23\jre\lib\jce.jar;C:\tools\jdk1.6.0_23\jre\lib\charsets.jar;C:\tools\jdk1.6.0_23\jre\lib\modules\jdk.boot.jar;C:\tools\jdk1.6.0_23\jre\classes"/>
    <property name="java.vendor" value="Sun Microsystems Inc."/>
    <property name="localRepository" value="C:\Users\user\.m2\repository"/>
    <property name="file.separator" value="\"/>
    <property name="java.vendor.url.bug" value="http://java.sun.com/cgi-bin/bugreport.cgi"/>
    <property name="sun.cpu.endian" value="little"/>
    <property name="sun.io.unicode.encoding" value="UnicodeLittle"/>
    <property name="sun.desktop" value="windows"/>
    <property name="sun.cpu.isalist" value="pentium_pro+mmx pentium_pro pentium+mmx pentium i486 i386 i86"/>
  </properties>
  <testcase time="0.09" classname="com.github.srec.command.parser.xml.XmlParserTest" name="testForm"/>
  <testcase time="0.006" classname="com.github.srec.command.parser.xml.XmlParserTest" name="testMethod"/>
  <testcase time="6.722" classname="com.github.srec.play.PlayerTest" name="test"/>
  <testcase time="0.634" classname="com.github.srec.play.PlayerTest" name="testCall"/>
  <testcase time="15.671" classname="com.github.srec.play.PlayerTest" name="testError"/>
  <testcase time="1.36" classname="com.github.srec.play.PlayerTest" name="testIf"/>
  <testcase time="0.928" classname="com.github.srec.play.PlayerTest" name="testMethod"/>
  <testcase time="0.645" classname="com.github.srec.play.PlayerTest" name="testMethodDeep"/>
  <testcase time="0.85" classname="com.github.srec.play.PlayerTest" name="testWhile"/>
  <testcase time="0.241" classname="com.github.srec.rec.SimpleXmlRecorderTest" name="test"/>
</testsuite>