<?xml version="1.0" encoding="UTF-8" ?>
<testsuite failures="0" time="34.49" errors="0" skipped="0" tests="10" name="TestSuite">
  <properties>
    <property name="java.runtime.name" value="Java(TM) SE Runtime Environment"/>
    <property name="sun.boot.library.path" value="/usr/lib/jvm/java-6-sun-1.6.0.20/jre/lib/amd64"/>
    <property name="java.vm.version" value="16.3-b01"/>
    <property name="java.vm.vendor" value="Sun Microsystems Inc."/>
    <property name="java.vendor.url" value="http://java.sun.com/"/>
    <property name="path.separator" value=":"/>
    <property name="java.vm.name" value="Java HotSpot(TM) 64-Bit Server VM"/>
    <property name="file.encoding.pkg" value="sun.io"/>
    <property name="user.country" value="US"/>
    <property name="sun.java.launcher" value="SUN_STANDARD"/>
    <property name="sun.os.patch.level" value="unknown"/>
    <property name="java.vm.specification.name" value="Java Virtual Machine Specification"/>
    <property name="user.dir" value="/home/aristides/work-gsx/srec/core"/>
    <property name="java.runtime.version" value="1.6.0_20-b02"/>
    <property name="java.awt.graphicsenv" value="sun.awt.X11GraphicsEnvironment"/>
    <property name="basedir" value="/home/aristides/work-gsx/srec/core"/>
    <property name="java.endorsed.dirs" value="/usr/lib/jvm/java-6-sun-1.6.0.20/jre/lib/endorsed"/>
    <property name="os.arch" value="amd64"/>
    <property name="surefire.real.class.path" value="/tmp/surefirebooter5852574706323407959.jar"/>
    <property name="java.io.tmpdir" value="/tmp"/>
    <property name="line.separator" value="
"/>
    <property name="java.vm.specification.vendor" value="Sun Microsystems Inc."/>
    <property name="os.name" value="Linux"/>
    <property name="sun.jnu.encoding" value="UTF-8"/>
    <property name="java.library.path" value="/usr/lib/jvm/java-6-sun-1.6.0.20/jre/lib/amd64/server:/usr/lib/jvm/java-6-sun-1.6.0.20/jre/lib/amd64:/usr/lib/jvm/java-6-sun-1.6.0.20/jre/../lib/amd64:/usr/java/packages/lib/amd64:/usr/lib64:/lib64:/lib:/usr/lib"/>
    <property name="surefire.test.class.path" value="/home/aristides/work-gsx/srec/core/target/test-classes:/home/aristides/work-gsx/srec/core/target/classes:/home/aristides/.m2/repository/net/java/dev/jemmy/2.3/jemmy-2.3.jar:/home/aristides/.m2/repository/commons-lang/commons-lang/2.4/commons-lang-2.4.jar:/home/aristides/.m2/repository/log4j/log4j/1.2.15/log4j-1.2.15.jar:/home/aristides/.m2/repository/com/intellij/forms_rt/9.0.1/forms_rt-9.0.1.jar:/home/aristides/.m2/repository/org/testng/testng/5.11/testng-5.11-jdk15.jar:/home/aristides/.m2/repository/org/antlr/antlr/3.2/antlr-3.2.jar:/home/aristides/.m2/repository/org/antlr/antlr-runtime/3.2/antlr-runtime-3.2.jar:/home/aristides/.m2/repository/org/antlr/stringtemplate/3.2.1/stringtemplate-3.2.1.jar:/home/aristides/.m2/repository/antlr/antlr/2.7.6/antlr-2.7.6.jar:/home/aristides/.m2/repository/org/antlr/gunit/3.2/gunit-3.2.jar:/home/aristides/.m2/repository/junit/junit/4.5/junit-4.5.jar:/home/aristides/.m2/repository/org/fife/rsyntaxtextarea/1.4.1/rsyntaxtextarea-1.4.1.jar:/home/aristides/.m2/repository/commons-io/commons-io/1.4/commons-io-1.4.jar:/home/aristides/.m2/repository/org/codehaus/groovy/groovy/1.5.7/groovy-1.5.7.jar:/home/aristides/.m2/repository/asm/asm/2.2/asm-2.2.jar:/home/aristides/.m2/repository/org/apache/ant/ant/1.7.0/ant-1.7.0.jar:/home/aristides/.m2/repository/org/apache/ant/ant-launcher/1.7.0/ant-launcher-1.7.0.jar:/home/aristides/.m2/repository/asm/asm-util/2.2/asm-util-2.2.jar:/home/aristides/.m2/repository/asm/asm-analysis/2.2/asm-analysis-2.2.jar:/home/aristides/.m2/repository/asm/asm-tree/2.2/asm-tree-2.2.jar:/home/aristides/.m2/repository/jline/jline/0.9.94/jline-0.9.94.jar:/home/aristides/.m2/repository/xom/xom/1.2.5/xom-1.2.5.jar:/home/aristides/.m2/repository/xml-apis/xml-apis/1.3.03/xml-apis-1.3.03.jar:/home/aristides/.m2/repository/xerces/xercesImpl/2.8.0/xercesImpl-2.8.0.jar:/home/aristides/.m2/repository/xalan/xalan/2.7.0/xalan-2.7.0.jar:"/>
    <property name="java.specification.name" value="Java Platform API Specification"/>
    <property name="java.class.version" value="50.0"/>
    <property name="sun.management.compiler" value="HotSpot 64-Bit Server Compiler"/>
    <property name="os.version" value="2.6.32-24-generic"/>
    <property name="user.home" value="/home/aristides"/>
    <property name="user.timezone" value="America/Sao_Paulo"/>
    <property name="java.awt.printerjob" value="sun.print.PSPrinterJob"/>
    <property name="file.encoding" value="UTF-8"/>
    <property name="java.specification.version" value="1.6"/>
    <property name="user.name" value="aristides"/>
    <property name="java.class.path" value="/home/aristides/work-gsx/srec/core/target/test-classes:/home/aristides/work-gsx/srec/core/target/classes:/home/aristides/.m2/repository/net/java/dev/jemmy/2.3/jemmy-2.3.jar:/home/aristides/.m2/repository/commons-lang/commons-lang/2.4/commons-lang-2.4.jar:/home/aristides/.m2/repository/log4j/log4j/1.2.15/log4j-1.2.15.jar:/home/aristides/.m2/repository/com/intellij/forms_rt/9.0.1/forms_rt-9.0.1.jar:/home/aristides/.m2/repository/org/testng/testng/5.11/testng-5.11-jdk15.jar:/home/aristides/.m2/repository/org/antlr/antlr/3.2/antlr-3.2.jar:/home/aristides/.m2/repository/org/antlr/antlr-runtime/3.2/antlr-runtime-3.2.jar:/home/aristides/.m2/repository/org/antlr/stringtemplate/3.2.1/stringtemplate-3.2.1.jar:/home/aristides/.m2/repository/antlr/antlr/2.7.6/antlr-2.7.6.jar:/home/aristides/.m2/repository/org/antlr/gunit/3.2/gunit-3.2.jar:/home/aristides/.m2/repository/junit/junit/4.5/junit-4.5.jar:/home/aristides/.m2/repository/org/fife/rsyntaxtextarea/1.4.1/rsyntaxtextarea-1.4.1.jar:/home/aristides/.m2/repository/commons-io/commons-io/1.4/commons-io-1.4.jar:/home/aristides/.m2/repository/org/codehaus/groovy/groovy/1.5.7/groovy-1.5.7.jar:/home/aristides/.m2/repository/asm/asm/2.2/asm-2.2.jar:/home/aristides/.m2/repository/org/apache/ant/ant/1.7.0/ant-1.7.0.jar:/home/aristides/.m2/repository/org/apache/ant/ant-launcher/1.7.0/ant-launcher-1.7.0.jar:/home/aristides/.m2/repository/asm/asm-util/2.2/asm-util-2.2.jar:/home/aristides/.m2/repository/asm/asm-analysis/2.2/asm-analysis-2.2.jar:/home/aristides/.m2/repository/asm/asm-tree/2.2/asm-tree-2.2.jar:/home/aristides/.m2/repository/jline/jline/0.9.94/jline-0.9.94.jar:/home/aristides/.m2/repository/xom/xom/1.2.5/xom-1.2.5.jar:/home/aristides/.m2/repository/xml-apis/xml-apis/1.3.03/xml-apis-1.3.03.jar:/home/aristides/.m2/repository/xerces/xercesImpl/2.8.0/xercesImpl-2.8.0.jar:/home/aristides/.m2/repository/xalan/xalan/2.7.0/xalan-2.7.0.jar:"/>
    <property name="java.vm.specification.version" value="1.0"/>
    <property name="sun.arch.data.model" value="64"/>
    <property name="java.home" value="/usr/lib/jvm/java-6-sun-1.6.0.20/jre"/>
    <property name="java.specification.vendor" value="Sun Microsystems Inc."/>
    <property name="user.language" value="en"/>
    <property name="java.vm.info" value="mixed mode"/>
    <property name="java.version" value="1.6.0_20"/>
    <property name="java.ext.dirs" value="/usr/lib/jvm/java-6-sun-1.6.0.20/jre/lib/ext:/usr/java/packages/lib/ext"/>
    <property name="sun.boot.class.path" value="/usr/lib/jvm/java-6-sun-1.6.0.20/jre/lib/resources.jar:/usr/lib/jvm/java-6-sun-1.6.0.20/jre/lib/rt.jar:/usr/lib/jvm/java-6-sun-1.6.0.20/jre/lib/sunrsasign.jar:/usr/lib/jvm/java-6-sun-1.6.0.20/jre/lib/jsse.jar:/usr/lib/jvm/java-6-sun-1.6.0.20/jre/lib/jce.jar:/usr/lib/jvm/java-6-sun-1.6.0.20/jre/lib/charsets.jar:/usr/lib/jvm/java-6-sun-1.6.0.20/jre/classes"/>
    <property name="java.vendor" value="Sun Microsystems Inc."/>
    <property name="localRepository" value="/home/aristides/.m2/repository"/>
    <property name="file.separator" value="/"/>
    <property name="java.vendor.url.bug" value="http://java.sun.com/cgi-bin/bugreport.cgi"/>
    <property name="sun.cpu.endian" value="little"/>
    <property name="sun.io.unicode.encoding" value="UnicodeLittle"/>
    <property name="sun.desktop" value="gnome"/>
    <property name="sun.cpu.isalist" value=""/>
  </properties>
  <testcase time="0.317" classname="com.github.srec.command.parser.xml.XmlParserTest" name="testForm"/>
  <testcase time="0.011" classname="com.github.srec.command.parser.xml.XmlParserTest" name="testMethod"/>
  <testcase time="9.847" classname="com.github.srec.play.PlayerTest" name="test"/>
  <testcase time="1.561" classname="com.github.srec.play.PlayerTest" name="testCall"/>
  <testcase time="16.248" classname="com.github.srec.play.PlayerTest" name="testError"/>
  <testcase time="1.848" classname="com.github.srec.play.PlayerTest" name="testIf"/>
  <testcase time="1.214" classname="com.github.srec.play.PlayerTest" name="testMethod"/>
  <testcase time="0.915" classname="com.github.srec.play.PlayerTest" name="testMethodDeep"/>
  <testcase time="1.053" classname="com.github.srec.play.PlayerTest" name="testWhile"/>
  <testcase time="0.89" classname="com.github.srec.rec.SimpleXmlRecorderTest" name="test"/>
</testsuite>